::ffff:127.0.0.1 - - [18/Feb/2023:17:09:14 +0000] "GET /combined HTTP/1.1" 404 147 "-" "Mozilla/5.0 (X11; Ubuntu; Linux x86_64; rv:109.0) Gecko/20100101 Firefox/110.0"
::1 - - [18/Feb/2023:17:10:30 +0000] "GET /api/promotion HTTP/1.1" 404 152 "-" "PostmanRuntime/7.29.2"
::1 - - [18/Feb/2023:17:19:53 +0000] "GET /api/promotion HTTP/1.1" 200 26 "-" "PostmanRuntime/7.29.2"
::1 - - [18/Feb/2023:17:23:16 +0000] "POST /api/promotion HTTP/1.1" 200 306 "-" "PostmanRuntime/7.29.2"
::1 - - [18/Feb/2023:17:23:32 +0000] "POST /api/promotion HTTP/1.1" 200 306 "-" "PostmanRuntime/7.29.2"
::1 - - [18/Feb/2023:17:23:34 +0000] "POST /api/promotion HTTP/1.1" 200 306 "-" "PostmanRuntime/7.29.2"
::1 - - [18/Feb/2023:17:23:37 +0000] "GET /api/promotion HTTP/1.1" 200 874 "-" "PostmanRuntime/7.29.2"
::1 - - [18/Feb/2023:17:25:53 +0000] "PUT /api/promotion/63f10984f7796226d1a42d18 HTTP/1.1" 400 28 "-" "PostmanRuntime/7.29.2"
::1 - - [18/Feb/2023:17:25:59 +0000] "GET /api/promotion/63f10984f7796226d1a42d18 HTTP/1.1" 400 28 "-" "PostmanRuntime/7.29.2"
::1 - - [18/Feb/2023:17:26:09 +0000] "GET /api/promotion/ HTTP/1.1" 200 874 "-" "PostmanRuntime/7.29.2"
::1 - - [18/Feb/2023:17:26:19 +0000] "GET /api/promotion/63f10984f7796226d1a42d18 HTTP/1.1" 400 28 "-" "PostmanRuntime/7.29.2"
::1 - - [18/Feb/2023:17:28:52 +0000] "GET /api/promotion/63f10984f7796226d1a42d18 HTTP/1.1" 400 28 "-" "PostmanRuntime/7.29.2"
::1 - - [18/Feb/2023:17:28:53 +0000] "GET /api/promotion/63f10984f7796226d1a42d18 HTTP/1.1" 400 28 "-" "PostmanRuntime/7.29.2"
::1 - - [18/Feb/2023:17:28:56 +0000] "GET /api/promotion/63f10984f7796226d1a42d18 HTTP/1.1" 400 28 "-" "PostmanRuntime/7.29.2"
::1 - - [18/Feb/2023:17:28:59 +0000] "GET /api/promotion/63f10984f7796226d1a42d18 HTTP/1.1" 400 28 "-" "PostmanRuntime/7.29.2"
::1 - - [18/Feb/2023:17:29:01 +0000] "GET /api/promotion/63f10984f7796226d1a42d18 HTTP/1.1" 400 28 "-" "PostmanRuntime/7.29.2"
::1 - - [18/Feb/2023:17:29:04 +0000] "GET /api/promotion/63f10984f7796226d1a42d18 HTTP/1.1" 400 28 "-" "PostmanRuntime/7.29.2"
::1 - - [18/Feb/2023:17:29:05 +0000] "GET /api/promotion/63f10984f7796226d1a42d18 HTTP/1.1" 400 28 "-" "PostmanRuntime/7.29.2"
::1 - - [18/Feb/2023:17:29:06 +0000] "GET /api/promotion/63f10984f7796226d1a42d18 HTTP/1.1" 400 28 "-" "PostmanRuntime/7.29.2"
::1 - - [18/Feb/2023:17:29:12 +0000] "GET /api/promotion/ HTTP/1.1" 200 874 "-" "PostmanRuntime/7.29.2"
::1 - - [18/Feb/2023:17:29:20 +0000] "GET /api/promotion/63f10984f7796226d1a42d18 HTTP/1.1" 400 28 "-" "PostmanRuntime/7.29.2"
::1 - - [18/Feb/2023:17:33:53 +0000] "GET /api/users HTTP/1.1" 200 1621 "-" "PostmanRuntime/7.29.2"
::1 - - [18/Feb/2023:17:33:59 +0000] "GET /api/users/63ea5be974a39389494cf86e HTTP/1.1" 200 226 "-" "PostmanRuntime/7.29.2"
::1 - - [18/Feb/2023:17:34:04 +0000] "GET /api/users/63ea5be974a39389494cf86e HTTP/1.1" 200 226 "-" "PostmanRuntime/7.29.2"
::1 - - [18/Feb/2023:17:34:22 +0000] "GET /api/promotion/ HTTP/1.1" 200 874 "-" "PostmanRuntime/7.29.2"
::1 - - [18/Feb/2023:17:34:38 +0000] "GET /api/promotion/63f10994f7796226d1a42d1a HTTP/1.1" 400 28 "-" "PostmanRuntime/7.29.2"
::1 - - [18/Feb/2023:17:44:53 +0000] "GET /api/promotion/ HTTP/1.1" 200 874 "-" "PostmanRuntime/7.29.2"
::1 - - [18/Feb/2023:17:45:05 +0000] "GET /api/promotion/63f10996f7796226d1a42d1c HTTP/1.1" 400 28 "-" "PostmanRuntime/7.29.2"
::1 - - [18/Feb/2023:17:46:26 +0000] "GET /api/promotion/63f10996f7796226d1a42d1c HTTP/1.1" 400 28 "-" "PostmanRuntime/7.29.2"
::1 - - [18/Feb/2023:17:46:27 +0000] "GET /api/promotion/63f10996f7796226d1a42d1c HTTP/1.1" 400 28 "-" "PostmanRuntime/7.29.2"
::1 - - [18/Feb/2023:17:46:29 +0000] "GET /api/promotion/63f10996f7796226d1a42d1c HTTP/1.1" 400 28 "-" "PostmanRuntime/7.29.2"
::1 - - [18/Feb/2023:17:46:30 +0000] "GET /api/promotion/63f10996f7796226d1a42d1c HTTP/1.1" 400 28 "-" "PostmanRuntime/7.29.2"
::1 - - [18/Feb/2023:17:46:36 +0000] "GET /api/promotion/63f10996f7796226d1a42d1c HTTP/1.1" 400 28 "-" "PostmanRuntime/7.29.2"
::1 - - [18/Feb/2023:17:47:07 +0000] "GET /api/promotion/63f10996f7796226d1a42d1c HTTP/1.1" 400 28 "-" "PostmanRuntime/7.29.2"
::1 - - [18/Feb/2023:17:47:13 +0000] "GET /api/promotion/ HTTP/1.1" 200 1096 "-" "PostmanRuntime/7.29.2"
::1 - - [18/Feb/2023:17:47:25 +0000] "DELETE /api/promotion/63f10984f7796226d1a42d18 HTTP/1.1" 200 380 "-" "PostmanRuntime/7.29.2"
::1 - - [18/Feb/2023:17:47:34 +0000] "DELETE /api/promotion/ HTTP/1.1" 404 156 "-" "PostmanRuntime/7.29.2"
::1 - - [18/Feb/2023:17:47:40 +0000] "GET /api/promotion/ HTTP/1.1" 200 739 "-" "PostmanRuntime/7.29.2"
::1 - - [18/Feb/2023:17:47:49 +0000] "DELETE /api/promotion/63f10996f7796226d1a42d1c HTTP/1.1" 200 380 "-" "PostmanRuntime/7.29.2"
::1 - - [18/Feb/2023:17:47:57 +0000] "GET /api/promotion/ HTTP/1.1" 200 382 "-" "PostmanRuntime/7.29.2"
::1 - - [18/Feb/2023:17:48:04 +0000] "DELETE /api/promotion/63f10994f7796226d1a42d1a HTTP/1.1" 200 380 "-" "PostmanRuntime/7.29.2"
::1 - - [18/Feb/2023:17:48:12 +0000] "GET /api/promotion/ HTTP/1.1" 200 26 "-" "PostmanRuntime/7.29.2"
::1 - - [18/Feb/2023:17:48:20 +0000] "POST /api/promotion/ HTTP/1.1" 200 278 "-" "PostmanRuntime/7.29.2"
::1 - - [18/Feb/2023:17:48:29 +0000] "POST /api/promotion/ HTTP/1.1" 200 278 "-" "PostmanRuntime/7.29.2"
::1 - - [18/Feb/2023:17:48:30 +0000] "POST /api/promotion/ HTTP/1.1" 200 278 "-" "PostmanRuntime/7.29.2"
::1 - - [18/Feb/2023:17:48:35 +0000] "GET /api/promotion/ HTTP/1.1" 200 790 "-" "PostmanRuntime/7.29.2"
::1 - - [18/Feb/2023:17:48:42 +0000] "GET /api/promotion/63f10f64fd2daa4f7307d43e HTTP/1.1" 400 28 "-" "PostmanRuntime/7.29.2"
::1 - - [18/Feb/2023:17:51:17 +0000] "GET /api/promotion/63f10f64fd2daa4f7307d43e HTTP/1.1" 200 278 "-" "PostmanRuntime/7.29.2"
::1 - - [18/Feb/2023:17:51:44 +0000] "PUT /api/promotion/63f10f64fd2daa4f7307d43e HTTP/1.1" 200 277 "-" "PostmanRuntime/7.29.2"
::1 - - [18/Feb/2023:17:51:53 +0000] "GET /api/promotion/63f10f64fd2daa4f7307d43e HTTP/1.1" 200 277 "-" "PostmanRuntime/7.29.2"
::1 - - [18/Feb/2023:17:51:58 +0000] "GET /api/promotion/ HTTP/1.1" 200 789 "-" "PostmanRuntime/7.29.2"
::1 - - [19/Feb/2023:07:18:03 +0000] "GET /api/product/ HTTP/1.1" 200 26 "-" "PostmanRuntime/7.29.2"
::1 - - [19/Feb/2023:07:18:15 +0000] "POST /api/product/ HTTP/1.1" 200 238 "-" "PostmanRuntime/7.29.2"
::1 - - [19/Feb/2023:07:18:17 +0000] "POST /api/product/ HTTP/1.1" 200 238 "-" "PostmanRuntime/7.29.2"
::1 - - [19/Feb/2023:07:18:19 +0000] "POST /api/product/ HTTP/1.1" 200 238 "-" "PostmanRuntime/7.29.2"
::1 - - [19/Feb/2023:07:18:22 +0000] "GET /api/product/ HTTP/1.1" 200 670 "-" "PostmanRuntime/7.29.2"
::1 - - [19/Feb/2023:07:18:30 +0000] "GET /api/product/63f1cd36b94fc415dc963a81 HTTP/1.1" 200 238 "-" "PostmanRuntime/7.29.2"
::1 - - [19/Feb/2023:07:18:41 +0000] "PUT /api/product/63f1cd36b94fc415dc963a81 HTTP/1.1" 400 596 "-" "PostmanRuntime/7.29.2"
::1 - - [19/Feb/2023:07:19:18 +0000] "PUT /api/product/63f1cd36b94fc415dc963a81 HTTP/1.1" 200 231 "-" "PostmanRuntime/7.29.2"
::1 - - [19/Feb/2023:07:19:25 +0000] "DELETE /api/product/63f1cd36b94fc415dc963a81 HTTP/1.1" 200 231 "-" "PostmanRuntime/7.29.2"
::1 - - [19/Feb/2023:07:19:32 +0000] "GET /api/product/63f1cd36b94fc415dc963a81 HTTP/1.1" 400 103 "-" "PostmanRuntime/7.29.2"
::1 - - [19/Feb/2023:07:19:37 +0000] "GET /api/product/ HTTP/1.1" 200 455 "-" "PostmanRuntime/7.29.2"
::1 - - [19/Feb/2023:08:38:20 +0000] "GET /api/product/ HTTP/1.1" 200 455 "-" "PostmanRuntime/7.29.2"
::1 - - [19/Feb/2023:10:23:29 +0000] "GET /api/productdetail/ HTTP/1.1" 400 28 "-" "PostmanRuntime/7.29.2"
::1 - - [19/Feb/2023:10:26:55 +0000] "GET /api/productdetail/ HTTP/1.1" 400 28 "-" "PostmanRuntime/7.29.2"
::1 - - [19/Feb/2023:10:27:49 +0000] "GET /api/productdetail/ HTTP/1.1" 400 64 "-" "PostmanRuntime/7.29.2"
::1 - - [19/Feb/2023:10:29:55 +0000] "GET /api/productdetail/ HTTP/1.1" 400 66 "-" "PostmanRuntime/7.29.2"
::1 - - [19/Feb/2023:10:32:42 +0000] "GET /api/productdetail/ HTTP/1.1" 200 25 "-" "PostmanRuntime/7.29.2"
::1 - - [19/Feb/2023:10:34:20 +0000] "PUT /api/productdetail/ HTTP/1.1" 404 157 "-" "PostmanRuntime/7.29.2"
::1 - - [19/Feb/2023:10:35:33 +0000] "GET /api/productdetail/ HTTP/1.1" 200 25 "-" "PostmanRuntime/7.29.2"
::1 - - [19/Feb/2023:10:35:40 +0000] "POST /api/productdetail/ HTTP/1.1" 200 152 "-" "PostmanRuntime/7.29.2"
::1 - - [19/Feb/2023:10:35:42 +0000] "POST /api/productdetail/ HTTP/1.1" 200 152 "-" "PostmanRuntime/7.29.2"
::1 - - [19/Feb/2023:10:35:43 +0000] "POST /api/productdetail/ HTTP/1.1" 200 152 "-" "PostmanRuntime/7.29.2"
::1 - - [19/Feb/2023:10:35:48 +0000] "GET /api/productdetail/ HTTP/1.1" 200 411 "-" "PostmanRuntime/7.29.2"
::1 - - [19/Feb/2023:10:35:56 +0000] "GET /api/productdetail/63f1fb7b313563776131da0b HTTP/1.1" 400 67 "-" "PostmanRuntime/7.29.2"
::1 - - [19/Feb/2023:10:37:11 +0000] "GET /api/productdetail/ HTTP/1.1" 200 411 "-" "PostmanRuntime/7.29.2"
::1 - - [19/Feb/2023:10:37:21 +0000] "GET /api/productdetail/63f1fb7b313563776131da0b HTTP/1.1" 400 67 "-" "PostmanRuntime/7.29.2"
::1 - - [19/Feb/2023:10:39:47 +0000] "GET /api/productdetail/63f1fb7b313563776131da0b HTTP/1.1" 200 152 "-" "PostmanRuntime/7.29.2"
::1 - - [19/Feb/2023:10:40:17 +0000] "PUT /api/productdetail/63f1fb7b313563776131da0b HTTP/1.1" 200 156 "-" "PostmanRuntime/7.29.2"
::1 - - [19/Feb/2023:10:40:26 +0000] "DELETE /api/productdetail/63f1fb7b313563776131da0b HTTP/1.1" 200 26 "-" "PostmanRuntime/7.29.2"
::1 - - [19/Feb/2023:10:40:36 +0000] "GET /api/productdetail/63f1fb7b313563776131da0b HTTP/1.1" 400 135 "-" "PostmanRuntime/7.29.2"
::1 - - [19/Feb/2023:10:42:26 +0000] "GET /api/productdetail/ HTTP/1.1" 200 25 "-" "PostmanRuntime/7.29.2"
::1 - - [19/Feb/2023:10:42:56 +0000] "GET /api/productdetail/ HTTP/1.1" 200 282 "-" "PostmanRuntime/7.29.2"
::1 - - [19/Feb/2023:10:49:58 +0000] "GET /api/productdetail/S3D2F1SS3D2F1 HTTP/1.1" 400 137 "-" "PostmanRuntime/7.29.2"
::1 - - [19/Feb/2023:10:50:24 +0000] "PUT /api/productdetail/S3D2F1SS3D2F1 HTTP/1.1" 400 137 "-" "PostmanRuntime/7.29.2"
::1 - - [19/Feb/2023:10:50:30 +0000] "DELETE /api/productdetail/S3D2F1SS3D2F1 HTTP/1.1" 400 137 "-" "PostmanRuntime/7.29.2"
::1 - - [19/Feb/2023:10:50:39 +0000] "GET /api/productdetail/ HTTP/1.1" 200 282 "-" "PostmanRuntime/7.29.2"
::1 - - [19/Feb/2023:10:50:45 +0000] "GET /api/productdetail/63f1fb7e313563776131da0d HTTP/1.1" 200 152 "-" "PostmanRuntime/7.29.2"
::1 - - [19/Feb/2023:10:50:54 +0000] "DELETE /api/productdetail/63f1fb7e313563776131da0d HTTP/1.1" 200 152 "-" "PostmanRuntime/7.29.2"
::1 - - [19/Feb/2023:10:50:59 +0000] "GET /api/productdetail/63f1fb7e313563776131da0d HTTP/1.1" 400 133 "-" "PostmanRuntime/7.29.2"
::1 - - [19/Feb/2023:10:51:10 +0000] "PUT /api/productdetail/63f1fb7e313563776131da0d HTTP/1.1" 400 133 "-" "PostmanRuntime/7.29.2"
::1 - - [19/Feb/2023:10:51:16 +0000] "DELETE /api/productdetail/63f1fb7e313563776131da0d HTTP/1.1" 400 133 "-" "PostmanRuntime/7.29.2"
::1 - - [21/Feb/2023:16:18:13 +0000] "GET /api/users HTTP/1.1" 200 1621 "-" "PostmanRuntime/7.29.2"
::1 - - [21/Feb/2023:16:18:40 +0000] "GET /api/inventory/ HTTP/1.1" 404 153 "-" "PostmanRuntime/7.29.2"
::1 - - [21/Feb/2023:16:19:41 +0000] "GET /api/users HTTP/1.1" 200 1621 "-" "PostmanRuntime/7.29.2"
::1 - - [21/Feb/2023:16:19:57 +0000] "GET /api/inventory/ HTTP/1.1" 404 153 "-" "PostmanRuntime/7.29.2"
::1 - - [21/Feb/2023:16:20:34 +0000] "GET /api/product/ HTTP/1.1" 200 455 "-" "PostmanRuntime/7.29.2"
::1 - - [21/Feb/2023:16:21:30 +0000] "POST /api/category HTTP/1.1" 200 133 "-" "PostmanRuntime/7.29.2"
::1 - - [21/Feb/2023:16:21:36 +0000] "GET /api/login HTTP/1.1" 200 310 "-" "PostmanRuntime/7.29.2"
::1 - - [21/Feb/2023:16:21:40 +0000] "GET /api/promotion/ HTTP/1.1" 200 789 "-" "PostmanRuntime/7.29.2"
::1 - - [22/Feb/2023:02:46:38 +0000] "GET /api/product/ HTTP/1.1" 200 455 "-" "PostmanRuntime/7.29.2"
::1 - - [22/Feb/2023:03:03:14 +0000] "GET /api/productdetail/ HTTP/1.1" 200 153 "-" "PostmanRuntime/7.29.2"
::1 - - [22/Feb/2023:03:03:58 +0000] "GET /api/order HTTP/1.1" 200 26 "-" "PostmanRuntime/7.29.2"
::1 - - [22/Feb/2023:03:10:51 +0000] "POST /api/order HTTP/1.1" 200 166 "-" "PostmanRuntime/7.29.2"
::1 - - [22/Feb/2023:03:11:07 +0000] "POST /api/order HTTP/1.1" 200 174 "-" "PostmanRuntime/7.29.2"
::1 - - [22/Feb/2023:03:11:20 +0000] "POST /api/order HTTP/1.1" 200 163 "-" "PostmanRuntime/7.29.2"
::1 - - [22/Feb/2023:03:26:29 +0000] "GET /api/order HTTP/1.1" 200 462 "-" "PostmanRuntime/7.29.2"
::1 - - [22/Feb/2023:03:26:45 +0000] "GET /api/order63f587d7ccdc484513c5a470 HTTP/1.1" 404 172 "-" "PostmanRuntime/7.29.2"
::1 - - [22/Feb/2023:03:28:27 +0000] "GET /api/order63f587d7ccdc484513c5a470 HTTP/1.1" 404 172 "-" "PostmanRuntime/7.29.2"
::1 - - [22/Feb/2023:03:29:54 +0000] "GET /api/ HTTP/1.1" 404 143 "-" "PostmanRuntime/7.29.2"
::1 - - [22/Feb/2023:03:30:04 +0000] "GET /api/order HTTP/1.1" 200 462 "-" "PostmanRuntime/7.29.2"
::1 - - [22/Feb/2023:03:30:12 +0000] "GET /api/order/63f587d7ccdc484513c5a470 HTTP/1.1" 200 164 "-" "PostmanRuntime/7.29.2"
::1 - - [22/Feb/2023:03:31:02 +0000] "PUT /api/order/63f587d7ccdc484513c5a470 HTTP/1.1" 200 167 "-" "PostmanRuntime/7.29.2"
::1 - - [22/Feb/2023:03:31:08 +0000] "DELETE /api/order/63f587d7ccdc484513c5a470 HTTP/1.1" 200 167 "-" "PostmanRuntime/7.29.2"
::1 - - [22/Feb/2023:03:31:10 +0000] "DELETE /api/order/63f587d7ccdc484513c5a470 HTTP/1.1" 200 175 "-" "PostmanRuntime/7.29.2"
::1 - - [22/Feb/2023:03:31:14 +0000] "GET /api/order/63f587d7ccdc484513c5a470 HTTP/1.1" 200 167 "-" "PostmanRuntime/7.29.2"
::1 - - [22/Feb/2023:03:31:20 +0000] "GET /api/order/ HTTP/1.1" 200 169 "-" "PostmanRuntime/7.29.2"
::1 - - [22/Feb/2023:03:31:33 +0000] "GET /api/order/ HTTP/1.1" 200 169 "-" "PostmanRuntime/7.29.2"
::1 - - [22/Feb/2023:03:31:41 +0000] "POST /api/order/ HTTP/1.1" 200 166 "-" "PostmanRuntime/7.29.2"
::1 - - [22/Feb/2023:03:31:43 +0000] "POST /api/order/ HTTP/1.1" 200 166 "-" "PostmanRuntime/7.29.2"
::1 - - [22/Feb/2023:03:31:44 +0000] "POST /api/order/ HTTP/1.1" 200 166 "-" "PostmanRuntime/7.29.2"
::1 - - [22/Feb/2023:03:31:49 +0000] "GET /api/order/ HTTP/1.1" 200 601 "-" "PostmanRuntime/7.29.2"
::1 - - [22/Feb/2023:03:32:04 +0000] "GET /api/order/63f58ca0c0ae58ac3ec95715 HTTP/1.1" 200 167 "-" "PostmanRuntime/7.29.2"
::1 - - [22/Feb/2023:03:32:11 +0000] "GET /api/order/63f58ca0c0ae58ac3ec95715 HTTP/1.1" 200 167 "-" "PostmanRuntime/7.29.2"
::1 - - [22/Feb/2023:03:32:17 +0000] "PUT /api/order/63f58ca0c0ae58ac3ec95715 HTTP/1.1" 200 171 "-" "PostmanRuntime/7.29.2"
::1 - - [22/Feb/2023:03:32:27 +0000] "GET /api/order/ HTTP/1.1" 200 605 "-" "PostmanRuntime/7.29.2"
::1 - - [22/Feb/2023:03:32:37 +0000] "GET /api/order/63f58ca0c0ae58ac3ec95715 HTTP/1.1" 200 171 "-" "PostmanRuntime/7.29.2"
::1 - - [22/Feb/2023:03:34:03 +0000] "DELETE /api/order/63f58ca0c0ae58ac3ec95715 HTTP/1.1" 200 167 "-" "PostmanRuntime/7.29.2"
::1 - - [22/Feb/2023:03:34:12 +0000] "DELETE /api/order/63f58ca0c0ae58ac3ec95715 HTTP/1.1" 200 167 "-" "PostmanRuntime/7.29.2"
::1 - - [22/Feb/2023:03:34:14 +0000] "DELETE /api/order/63f58ca0c0ae58ac3ec95715 HTTP/1.1" 200 167 "-" "PostmanRuntime/7.29.2"
::1 - - [22/Feb/2023:03:34:15 +0000] "DELETE /api/order/63f58ca0c0ae58ac3ec95715 HTTP/1.1" 200 171 "-" "PostmanRuntime/7.29.2"
::1 - - [22/Feb/2023:03:34:37 +0000] "GET /api/order/ HTTP/1.1" 200 26 "-" "PostmanRuntime/7.29.2"
::1 - - [22/Feb/2023:03:38:06 +0000] "GET /api/users HTTP/1.1" 200 1621 "-" "PostmanRuntime/7.29.2"
::1 - - [22/Feb/2023:03:38:16 +0000] "GET /api/users/63efb00e269e07d3e9c13985 HTTP/1.1" 200 263 "-" "PostmanRuntime/7.29.2"
::1 - - [22/Feb/2023:03:38:21 +0000] "DELETE /api/users/63efb00e269e07d3e9c13985 HTTP/1.1" 200 263 "-" "PostmanRuntime/7.29.2"
::1 - - [22/Feb/2023:03:38:23 +0000] "DELETE /api/users/63efb00e269e07d3e9c13985 HTTP/1.1" 400 97 "-" "PostmanRuntime/7.29.2"
::1 - - [22/Feb/2023:03:38:26 +0000] "DELETE /api/users/63efb00e269e07d3e9c13985 HTTP/1.1" 400 97 "-" "PostmanRuntime/7.29.2"
::1 - - [22/Feb/2023:03:38:27 +0000] "DELETE /api/users/63efb00e269e07d3e9c13985 HTTP/1.1" 400 97 "-" "PostmanRuntime/7.29.2"
::1 - - [22/Feb/2023:03:46:47 +0000] "GET /api/order/ HTTP/1.1" 200 26 "-" "PostmanRuntime/7.29.2"
::1 - - [22/Feb/2023:03:46:48 +0000] "GET /api/order/ HTTP/1.1" 200 26 "-" "PostmanRuntime/7.29.2"
::1 - - [22/Feb/2023:03:46:52 +0000] "POST /api/order/ HTTP/1.1" 200 170 "-" "PostmanRuntime/7.29.2"
::1 - - [22/Feb/2023:03:46:53 +0000] "POST /api/order/ HTTP/1.1" 200 170 "-" "PostmanRuntime/7.29.2"
::1 - - [22/Feb/2023:03:46:54 +0000] "POST /api/order/ HTTP/1.1" 200 170 "-" "PostmanRuntime/7.29.2"
::1 - - [22/Feb/2023:03:46:55 +0000] "POST /api/order/ HTTP/1.1" 200 170 "-" "PostmanRuntime/7.29.2"
::1 - - [22/Feb/2023:03:46:56 +0000] "POST /api/order/ HTTP/1.1" 200 170 "-" "PostmanRuntime/7.29.2"
::1 - - [22/Feb/2023:03:46:57 +0000] "POST /api/order/ HTTP/1.1" 200 170 "-" "PostmanRuntime/7.29.2"
::1 - - [22/Feb/2023:03:47:00 +0000] "GET /api/order/ HTTP/1.1" 200 913 "-" "PostmanRuntime/7.29.2"
::1 - - [22/Feb/2023:03:47:11 +0000] "GET /api/order/63f59031f950dd354863f997 HTTP/1.1" 200 171 "-" "PostmanRuntime/7.29.2"
::1 - - [22/Feb/2023:03:47:17 +0000] "DELETE /api/order/63f59031f950dd354863f997 HTTP/1.1" 200 171 "-" "PostmanRuntime/7.29.2"
::1 - - [22/Feb/2023:03:48:53 +0000] "DELETE /api/order/63f59031f950dd354863f997 HTTP/1.1" 400 97 "-" "PostmanRuntime/7.29.2"
::1 - - [22/Feb/2023:03:49:24 +0000] "DELETE /api/order/63f59031f950dd354863f997 HTTP/1.1" 400 97 "-" "PostmanRuntime/7.29.2"
::1 - - [22/Feb/2023:03:50:16 +0000] "GET /api/productdetail/ HTTP/1.1" 200 153 "-" "PostmanRuntime/7.29.2"
::1 - - [22/Feb/2023:03:50:23 +0000] "POST /api/productdetail/ HTTP/1.1" 200 156 "-" "PostmanRuntime/7.29.2"
::1 - - [22/Feb/2023:03:50:24 +0000] "POST /api/productdetail/ HTTP/1.1" 200 156 "-" "PostmanRuntime/7.29.2"
::1 - - [22/Feb/2023:03:50:25 +0000] "POST /api/productdetail/ HTTP/1.1" 200 156 "-" "PostmanRuntime/7.29.2"
::1 - - [22/Feb/2023:03:50:26 +0000] "POST /api/productdetail/ HTTP/1.1" 200 156 "-" "PostmanRuntime/7.29.2"
::1 - - [22/Feb/2023:03:50:29 +0000] "GET /api/productdetail/ HTTP/1.1" 200 685 "-" "PostmanRuntime/7.29.2"
::1 - - [22/Feb/2023:03:50:38 +0000] "GET /api/productdetail/63f5910236ffb6d027dc3f1b HTTP/1.1" 200 156 "-" "PostmanRuntime/7.29.2"
::1 - - [22/Feb/2023:03:50:43 +0000] "DELETE /api/productdetail/63f5910236ffb6d027dc3f1b HTTP/1.1" 200 156 "-" "PostmanRuntime/7.29.2"
::1 - - [22/Feb/2023:03:50:45 +0000] "DELETE /api/productdetail/63f5910236ffb6d027dc3f1b HTTP/1.1" 400 133 "-" "PostmanRuntime/7.29.2"
::1 - - [22/Feb/2023:03:50:49 +0000] "DELETE /api/productdetail/63f5910236ffb6d027dc3f1b HTTP/1.1" 400 133 "-" "PostmanRuntime/7.29.2"
::1 - - [22/Feb/2023:03:53:17 +0000] "DELETE /api/productdetail/63f5910236ffb6d027dc3f1b HTTP/1.1" 400 133 "-" "PostmanRuntime/7.29.2"
::1 - - [22/Feb/2023:03:53:19 +0000] "DELETE /api/productdetail/63f5910236ffb6d027dc3f1b HTTP/1.1" 400 133 "-" "PostmanRuntime/7.29.2"
::1 - - [22/Feb/2023:03:53:25 +0000] "DELETE /api/order/63f59031f950dd354863f997 HTTP/1.1" 400 97 "-" "PostmanRuntime/7.29.2"
::1 - - [22/Feb/2023:03:54:34 +0000] "DELETE /api/order/63f59031f950dd354863f997 HTTP/1.1" 400 99 "-" "PostmanRuntime/7.29.2"
::1 - - [22/Feb/2023:03:54:48 +0000] "DELETE /api/order/63f59031f950dd354863f997 HTTP/1.1" 400 99 "-" "PostmanRuntime/7.29.2"
::1 - - [22/Feb/2023:03:54:49 +0000] "DELETE /api/order/63f59031f950dd354863f997 HTTP/1.1" 400 99 "-" "PostmanRuntime/7.29.2"
